<?xml version="1.0" encoding="UTF-8"?>
<!-- Generated by org.testng.reporters.JUnitXMLReporter -->
<testsuite ignored="2" hostname="Admin" failures="0" tests="1" name="Default test(failed)" time="28.932" errors="0" timestamp="2024-04-06T17:04:50 IST">
  <testcase classname="apr3.SecondTestNGClass" name="admin" time="2.493"/>
  <testcase classname="apr3.SecondTestNGClass" name="leave" time="0.0">
    <ignored/>
  </testcase> <!-- leave -->
  <testcase classname="apr3.SecondTestNGClass" name="pim" time="0.0">
    <ignored/>
  </testcase> <!-- pim -->
</testsuite> <!-- Default test(failed) -->
