<?xml version="1.0" encoding="UTF-8"?>
<!-- Generated by org.testng.reporters.JUnitXMLReporter -->
<testsuite ignored="1" hostname="Admin" failures="0" tests="6" name="Default test" time="105.447" errors="0" timestamp="2024-04-09T12:57:16 IST">
  <testcase classname="apr3.SecondTestNGClass" name="leave" time="2.456"/>
  <testcase classname="apr3.SecondTestNGClass" name="admin" time="2.51"/>
  <testcase classname="apr3.SecondTestNGClass" name="admin" time="1.787"/>
  <testcase classname="apr3.SecondTestNGClass" name="admin" time="3.391"/>
  <testcase classname="apr3.SecondTestNGClass" name="admin" time="1.564"/>
  <testcase classname="apr3.SecondTestNGClass" name="admin" time="1.541"/>
  <testcase classname="apr3.SecondTestNGClass" name="pim" time="0.0">
    <ignored/>
  </testcase> <!-- pim -->
</testsuite> <!-- Default test -->
