<?xml version="1.0" encoding="UTF-8"?>
<!-- Generated by org.testng.reporters.JUnitXMLReporter -->
<testsuite ignored="1" hostname="Admin" failures="0" tests="9" name="testngReports" time="139.422" errors="0" timestamp="2024-04-09T13:42:48 IST">
  <testcase classname="apr3.Testng" name="cbanking" time="0.406"/>
  <testcase classname="apr3.Testng" name="ibanking" time="0.493"/>
  <testcase classname="apr3.Testng" name="pbanking" time="0.789"/>
  <testcase classname="apr3.SecondTestNGClass" name="leave" time="1.299"/>
  <testcase classname="apr3.SecondTestNGClass" name="admin" time="2.631"/>
  <testcase classname="apr3.SecondTestNGClass" name="admin" time="2.062"/>
  <testcase classname="apr3.SecondTestNGClass" name="admin" time="1.928"/>
  <testcase classname="apr3.SecondTestNGClass" name="admin" time="1.835"/>
  <testcase classname="apr3.SecondTestNGClass" name="admin" time="2.068"/>
  <testcase classname="apr3.SecondTestNGClass" name="pim" time="0.0">
    <ignored/>
  </testcase> <!-- pim -->
</testsuite> <!-- testngReports -->
